<?xml version="1.0" encoding="UTF-8"?>
<testng-results ignored="0" total="1" passed="1" failed="0" skipped="0">
  <reporter-output>
  </reporter-output>
  <suite started-at="2020-05-14T13:26:45 CEST" name="Command line suite" finished-at="2020-05-14T13:26:53 CEST" duration-ms="8042">
    <groups>
    </groups>
    <test started-at="2020-05-14T13:26:45 CEST" name="Command line test" finished-at="2020-05-14T13:26:53 CEST" duration-ms="8042">
      <class name="Phptravels.tests.MyTest">
        <test-method is-config="true" signature="driverSetUp()[pri:0, instance:Phptravels.tests.MyTest@3829ac1]" started-at="2020-05-14T13:26:45 CEST" name="driverSetUp" finished-at="2020-05-14T13:26:45 CEST" duration-ms="48" status="PASS">
          <reporter-output>
          </reporter-output>
        </test-method> <!-- driverSetUp -->
        <test-method signature="searchTest()[pri:0, instance:Phptravels.tests.MyTest@3829ac1]" started-at="2020-05-14T13:26:45 CEST" name="searchTest" finished-at="2020-05-14T13:26:51 CEST" duration-ms="6484" status="PASS">
          <reporter-output>
          </reporter-output>
        </test-method> <!-- searchTest -->
        <test-method is-config="true" signature="tearDownDriver()[pri:0, instance:Phptravels.tests.MyTest@3829ac1]" started-at="2020-05-14T13:26:51 CEST" name="tearDownDriver" finished-at="2020-05-14T13:26:53 CEST" duration-ms="1363" status="PASS">
          <reporter-output>
          </reporter-output>
        </test-method> <!-- tearDownDriver -->
      </class> <!-- Phptravels.tests.MyTest -->
    </test> <!-- Command line test -->
  </suite> <!-- Command line suite -->
</testng-results>
